<?xml version="1.0" encoding="UTF-8"?>
<!-- Generated by org.testng.reporters.JUnitXMLReporter -->
<testsuite hostname="DESKTOP-LJ1R03G" ignored="0" name="Test" tests="3" failures="2" timestamp="24 Apr 2019 11:15:41 GMT" time="6.018" errors="0">
  <testcase name="Loginwithinvalidds" time="0.052" classname="com.module.TestngLogin">
    <failure type="java.lang.NullPointerException">
      <![CDATA[java.lang.NullPointerException
at org.openqa.selenium.support.pagefactory.DefaultElementLocator.findElement(DefaultElementLocator.java:69)
at org.openqa.selenium.support.pagefactory.internal.LocatingElementHandler.invoke(LocatingElementHandler.java:38)
at com.sun.proxy.$Proxy8.sendKeys(Unknown Source)
at com.pages.Login.EnterUsername(Login.java:24)
at com.module.TestngLogin.Loginwithinvalidds(TestngLogin.java:35)
... Removed 25 stack frames]]>
    </failure>
  </testcase> <!-- Loginwithinvalidds -->
  <testcase name="Loginwithvalidds" time="0.003" classname="com.module.TestngLogin">
    <failure type="java.lang.NullPointerException">
      <![CDATA[java.lang.NullPointerException
at org.openqa.selenium.support.pagefactory.DefaultElementLocator.findElement(DefaultElementLocator.java:69)
at org.openqa.selenium.support.pagefactory.internal.LocatingElementHandler.invoke(LocatingElementHandler.java:38)
at com.sun.proxy.$Proxy8.sendKeys(Unknown Source)
at com.pages.Login.EnterUsername(Login.java:24)
at com.module.TestngLogin.Loginwithvalidds(TestngLogin.java:21)
... Removed 25 stack frames]]>
    </failure>
  </testcase> <!-- Loginwithvalidds -->
  <testcase name="executeLaunch" time="5.937" classname="com.module.TestngLaunch"/>
</testsuite> <!-- Test -->
